app/build/outputs/logs/manifest-merger-release-report.txt
-- Merging decision tree log ---
manifest
ADDED from src\main\AndroidManifest.xml:1:1-213:12
	xmlns:tools
		ADDED from src\main\AndroidManifest.xml:2:5-51
	xmlns:android
		ADDED from src\main\AndroidManifest.xml:1:11-69
	package
		ADDED from src\main\AndroidManifest.xml:3:5-27
		INJECTED from src\main\AndroidManifest.xml
		INJECTED from src\main\AndroidManifest.xml
	android:versionName
		ADDED from src\main\AndroidManifest.xml:5:5-32
		INJECTED from src\main\AndroidManifest.xml
		INJECTED from src\main\AndroidManifest.xml
	android:versionCode
		ADDED from src\main\AndroidManifest.xml:4:5-28
		INJECTED from src\main\AndroidManifest.xml
		INJECTED from src\main\AndroidManifest.xml
application
ADDED from src\main\AndroidManifest.xml:7:5-187:19
	android:label
		ADDED from src\main\AndroidManifest.xml:11:9-41
	android:allowBackup
		ADDED from src\main\AndroidManifest.xml:9:9-35
	android:icon
		ADDED from src\main\AndroidManifest.xml:10:9-48
	android:name
		ADDED from src\main\AndroidManifest.xml:8:9-40
	tools:ignore
		ADDED from src\main\AndroidManifest.xml:12:9-42
activity#com.bupt.ktc.ActivityLogion
ADDED from src\main\AndroidManifest.xml:13:9-24:20
	android:screenOrientation
		ADDED from src\main\AndroidManifest.xml:17:13-49
	android:label
		ADDED from src\main\AndroidManifest.xml:16:13-45
	android:configChanges
		ADDED from src\main\AndroidManifest.xml:15:13-57
	android:theme
		ADDED from src\main\AndroidManifest.xml:18:13-77
	android:name
		ADDED from src\main\AndroidManifest.xml:14:13-43
intent-filter#android.intent.action.MAIN+android.intent.category.LAUNCHER
ADDED from src\main\AndroidManifest.xml:19:13-23:29
action#android.intent.action.MAIN
ADDED from src\main\AndroidManifest.xml:20:17-69
	android:name
		ADDED from src\main\AndroidManifest.xml:20:25-66
category#android.intent.category.LAUNCHER
ADDED from src\main\AndroidManifest.xml:22:17-77
	android:name
		ADDED from src\main\AndroidManifest.xml:22:27-74
activity#com.bupt.ktc.share_auth.ShareandAuthActivity
ADDED from src\main\AndroidManifest.xml:27:9-33:20
	android:screenOrientation
		ADDED from src\main\AndroidManifest.xml:31:13-49
	android:label
		ADDED from src\main\AndroidManifest.xml:30:13-45
	android:configChanges
		ADDED from src\main\AndroidManifest.xml:29:13-57
	android:theme
		ADDED from src\main\AndroidManifest.xml:32:13-77
	android:name
		ADDED from src\main\AndroidManifest.xml:28:13-72
activity#com.bupt.ktc.SelectPicPopupWindow
ADDED from src\main\AndroidManifest.xml:47:9-49:58
	android:theme
		ADDED from src\main\AndroidManifest.xml:49:13-55
	android:name
		ADDED from src\main\AndroidManifest.xml:48:13-49
activity#com.bupt.ktc.share_auth.AuthActivity
ADDED from src\main\AndroidManifest.xml:50:9-56:20
	android:screenOrientation
		ADDED from src\main\AndroidManifest.xml:54:13-49
	android:label
		ADDED from src\main\AndroidManifest.xml:53:13-45
	android:configChanges
		ADDED from src\main\AndroidManifest.xml:52:13-57
	android:theme
		ADDED from src\main\AndroidManifest.xml:55:13-77
	android:name
		ADDED from src\main\AndroidManifest.xml:51:13-64
activity#com.bupt.ktc.share_auth.UserinfoActivity
ADDED from src\main\AndroidManifest.xml:57:9-63:20
	android:screenOrientation
		ADDED from src\main\AndroidManifest.xml:61:13-49
	android:label
		ADDED from src\main\AndroidManifest.xml:60:13-45
	android:configChanges
		ADDED from src\main\AndroidManifest.xml:59:13-57
	android:theme
		ADDED from src\main\AndroidManifest.xml:62:13-77
	android:name
		ADDED from src\main\AndroidManifest.xml:58:13-68
activity#com.bupt.ktc.share_auth.ShareActivity
ADDED from src\main\AndroidManifest.xml:64:9-70:20
	android:screenOrientation
		ADDED from src\main\AndroidManifest.xml:68:13-49
	android:label
		ADDED from src\main\AndroidManifest.xml:67:13-45
	android:configChanges
		ADDED from src\main\AndroidManifest.xml:66:13-57
	android:theme
		ADDED from src\main\AndroidManifest.xml:69:13-77
	android:name
		ADDED from src\main\AndroidManifest.xml:65:13-65
activity#com.bupt.ktc.WBShareActivity
ADDED from src\main\AndroidManifest.xml:74:9-83:20
	android:screenOrientation
		ADDED from src\main\AndroidManifest.xml:77:13-49
	android:configChanges
		ADDED from src\main\AndroidManifest.xml:76:13-63
	android:name
		ADDED from src\main\AndroidManifest.xml:75:13-56
intent-filter#android.intent.category.DEFAULT+com.sina.weibo.sdk.action.ACTION_SDK_REQ_ACTIVITY
ADDED from src\main\AndroidManifest.xml:78:13-82:29
action#com.sina.weibo.sdk.action.ACTION_SDK_REQ_ACTIVITY
ADDED from src\main\AndroidManifest.xml:79:17-92
	android:name
		ADDED from src\main\AndroidManifest.xml:79:25-89
category#android.intent.category.DEFAULT
ADDED from src\main\AndroidManifest.xml:81:17-76
	android:name
		ADDED from src\main\AndroidManifest.xml:81:27-73
activity#com.sina.weibo.sdk.component.WeiboSdkBrowser
ADDED from src\main\AndroidManifest.xml:84:9-89:20
	android:windowSoftInputMode
		ADDED from src\main\AndroidManifest.xml:88:13-55
	android:configChanges
		ADDED from src\main\AndroidManifest.xml:86:13-63
	android:exported
		ADDED from src\main\AndroidManifest.xml:87:13-37
	android:name
		ADDED from src\main\AndroidManifest.xml:85:13-72
activity#com.bupt.ktc.yxapi.YXEntryActivity
ADDED from src\main\AndroidManifest.xml:91:9-96:75
	android:screenOrientation
		ADDED from src\main\AndroidManifest.xml:95:13-49
	android:configChanges
		ADDED from src\main\AndroidManifest.xml:93:13-74
	android:theme
		ADDED from src\main\AndroidManifest.xml:96:13-72
	android:exported
		ADDED from src\main\AndroidManifest.xml:94:13-36
	android:name
		ADDED from src\main\AndroidManifest.xml:92:13-62
activity#com.umeng.socialize.editorpage.ShareActivity
ADDED from src\main\AndroidManifest.xml:97:9-100:54
	android:theme
		ADDED from src\main\AndroidManifest.xml:100:13-51
	android:excludeFromRecents
		ADDED from src\main\AndroidManifest.xml:99:13-46
	android:name
		ADDED from src\main\AndroidManifest.xml:98:13-72
activity#com.bupt.ktc.wxapi.WXEntryActivity
ADDED from src\main\AndroidManifest.xml:102:9-115:20
	android:screenOrientation
		ADDED from src\main\AndroidManifest.xml:106:13-49
	android:configChanges
		ADDED from src\main\AndroidManifest.xml:104:13-74
	android:theme
		ADDED from src\main\AndroidManifest.xml:107:13-72
	android:exported
		ADDED from src\main\AndroidManifest.xml:105:13-36
	android:name
		ADDED from src\main\AndroidManifest.xml:103:13-62
intent-filter#android.intent.action.VIEW+android.intent.category.DEFAULT
ADDED from src\main\AndroidManifest.xml:108:13-114:29
action#android.intent.action.VIEW
ADDED from src\main\AndroidManifest.xml:109:17-69
	android:name
		ADDED from src\main\AndroidManifest.xml:109:25-66
data
ADDED from src\main\AndroidManifest.xml:113:17-61
	android:scheme
		ADDED from src\main\AndroidManifest.xml:113:23-58
activity#com.bupt.ktc.apshare.ShareEntryActivity
ADDED from src\main\AndroidManifest.xml:117:9-122:75
	android:screenOrientation
		ADDED from src\main\AndroidManifest.xml:121:13-49
	android:configChanges
		ADDED from src\main\AndroidManifest.xml:119:13-74
	android:theme
		ADDED from src\main\AndroidManifest.xml:122:13-72
	android:exported
		ADDED from src\main\AndroidManifest.xml:120:13-36
	android:name
		ADDED from src\main\AndroidManifest.xml:118:13-67
activity#com.renn.rennsdk.oauth.OAuthActivity
ADDED from src\main\AndroidManifest.xml:124:9-126:77
	android:configChanges
		ADDED from src\main\AndroidManifest.xml:126:13-74
	android:name
		ADDED from src\main\AndroidManifest.xml:125:13-64
activity#com.tencent.tauth.AuthActivity
ADDED from src\main\AndroidManifest.xml:128:9-140:20
	android:noHistory
		ADDED from src\main\AndroidManifest.xml:131:13-37
	android:name
		ADDED from src\main\AndroidManifest.xml:129:13-58
	android:launchMode
		ADDED from src\main\AndroidManifest.xml:130:13-44
intent-filter#android.intent.action.VIEW+android.intent.category.BROWSABLE+android.intent.category.DEFAULT
ADDED from src\main\AndroidManifest.xml:132:13-139:29
category#android.intent.category.BROWSABLE
ADDED from src\main\AndroidManifest.xml:136:17-78
	android:name
		ADDED from src\main\AndroidManifest.xml:136:27-75
activity#com.tencent.connect.common.AssistActivity
ADDED from src\main\AndroidManifest.xml:141:9-145:75
	android:screenOrientation
		ADDED from src\main\AndroidManifest.xml:144:13-49
	android:configChanges
		ADDED from src\main\AndroidManifest.xml:143:13-74
	android:theme
		ADDED from src\main\AndroidManifest.xml:145:13-72
	android:name
		ADDED from src\main\AndroidManifest.xml:142:13-69
uses-library#com.google.android.maps
ADDED from src\main\AndroidManifest.xml:147:9-149:40
	android:required
		ADDED from src\main\AndroidManifest.xml:149:13-37
	android:name
		ADDED from src\main\AndroidManifest.xml:148:13-51
uses-library#android.test.runner
ADDED from src\main\AndroidManifest.xml:150:9-60
	android:name
		ADDED from src\main\AndroidManifest.xml:150:23-57
activity#com.facebook.FacebookActivity
ADDED from src\main\AndroidManifest.xml:152:9-156:75
	android:label
		ADDED from src\main\AndroidManifest.xml:155:13-45
	android:configChanges
		ADDED from src\main\AndroidManifest.xml:154:13-96
	android:theme
		ADDED from src\main\AndroidManifest.xml:156:13-72
	android:name
		ADDED from src\main\AndroidManifest.xml:153:13-57
provider#com.facebook.FacebookContentProvider
ADDED from src\main\AndroidManifest.xml:158:9-161:39
	android:exported
		ADDED from src\main\AndroidManifest.xml:161:13-36
	android:authorities
		ADDED from src\main\AndroidManifest.xml:160:13-90
	android:name
		ADDED from src\main\AndroidManifest.xml:159:13-64
meta-data#com.facebook.sdk.ApplicationId
ADDED from src\main\AndroidManifest.xml:163:9-165:55
	android:name
		ADDED from src\main\AndroidManifest.xml:164:13-58
	android:value
		ADDED from src\main\AndroidManifest.xml:165:13-52
activity#com.umeng.socialize.handler.TwitterWebActivity
ADDED from src\main\AndroidManifest.xml:167:9-171:75
	android:label
		ADDED from src\main\AndroidManifest.xml:170:13-45
	android:configChanges
		ADDED from src\main\AndroidManifest.xml:169:13-96
	android:theme
		ADDED from src\main\AndroidManifest.xml:171:13-72
	android:name
		ADDED from src\main\AndroidManifest.xml:168:13-74
meta-data#UMENG_APPKEY
ADDED from src\main\AndroidManifest.xml:174:9-177:21
	android:name
		ADDED from src\main\AndroidManifest.xml:175:13-40
	android:value
		ADDED from src\main\AndroidManifest.xml:176:13-53
meta-data#UMENG_CHANNEL
ADDED from src\main\AndroidManifest.xml:178:9-181:21
	android:name
		ADDED from src\main\AndroidManifest.xml:179:13-41
	android:value
		ADDED from src\main\AndroidManifest.xml:180:13-53
service#com.sina.weibo.sdk.net.DownloadService
ADDED from src\main\AndroidManifest.xml:183:9-186:19
	android:exported
		ADDED from src\main\AndroidManifest.xml:185:13-37
	android:name
		ADDED from src\main\AndroidManifest.xml:184:13-66
uses-sdk
ADDED from src\main\AndroidManifest.xml:189:5-192:94
	android:targetSdkVersion
		ADDED from src\main\AndroidManifest.xml:191:9-38
		INJECTED from src\main\AndroidManifest.xml
		INJECTED from src\main\AndroidManifest.xml
	android:minSdkVersion
		ADDED from src\main\AndroidManifest.xml:190:9-34
		INJECTED from src\main\AndroidManifest.xml
		INJECTED from src\main\AndroidManifest.xml
	tools:overrideLibrary
		ADDED from src\main\AndroidManifest.xml:192:9-91
uses-permission#android.permission.ACCESS_NETWORK_STATE
ADDED from src\main\AndroidManifest.xml:194:5-79
	android:name
		ADDED from src\main\AndroidManifest.xml:194:22-76
uses-permission#android.permission.ACCESS_WIFI_STATE
ADDED from src\main\AndroidManifest.xml:195:5-76
	android:name
		ADDED from src\main\AndroidManifest.xml:195:22-73
uses-permission#android.permission.READ_PHONE_STATE
ADDED from src\main\AndroidManifest.xml:196:5-75
	android:name
		ADDED from src\main\AndroidManifest.xml:196:22-72
uses-permission#android.permission.WRITE_EXTERNAL_STORAGE
ADDED from src\main\AndroidManifest.xml:197:5-81
	android:name
		ADDED from src\main\AndroidManifest.xml:197:22-78
uses-permission#android.permission.INTERNET
ADDED from src\main\AndroidManifest.xml:198:5-67
	android:name
		ADDED from src\main\AndroidManifest.xml:198:22-64
uses-permission#android.permission.READ_LOGS
ADDED from src\main\AndroidManifest.xml:199:5-68
	android:name
		ADDED from src\main\AndroidManifest.xml:199:22-65
uses-permission#android.permission.CALL_PHONE
ADDED from src\main\AndroidManifest.xml:200:5-69
	android:name
		ADDED from src\main\AndroidManifest.xml:200:22-66
uses-permission#android.permission.ACCESS_FINE_LOCATION
ADDED from src\main\AndroidManifest.xml:201:5-79
	android:name
		ADDED from src\main\AndroidManifest.xml:201:22-76
uses-permission#android.permission.ACCESS_COARSE_LOCATION
ADDED from src\main\AndroidManifest.xml:202:5-81
	android:name
		ADDED from src\main\AndroidManifest.xml:202:22-78
uses-permission#android.permission.GET_TASKS
ADDED from src\main\AndroidManifest.xml:206:5-68
	android:name
		ADDED from src\main\AndroidManifest.xml:206:22-65
uses-permission#android.permission.SET_DEBUG_APP
ADDED from src\main\AndroidManifest.xml:207:5-72
	android:name
		ADDED from src\main\AndroidManifest.xml:207:22-69
uses-permission#android.permission.SYSTEM_ALERT_WINDOW
ADDED from src\main\AndroidManifest.xml:208:5-78
	android:name
		ADDED from src\main\AndroidManifest.xml:208:22-75
uses-permission#android.permission.GET_ACCOUNTS
ADDED from src\main\AndroidManifest.xml:209:5-71
	android:name
		ADDED from src\main\AndroidManifest.xml:209:22-68
uses-permission#android.permission.USE_CREDENTIALS
ADDED from src\main\AndroidManifest.xml:210:5-74
	android:name
		ADDED from src\main\AndroidManifest.xml:210:22-71
uses-permission#android.permission.MANAGE_ACCOUNTS
ADDED from src\main\AndroidManifest.xml:211:5-74
	android:name
		ADDED from src\main\AndroidManifest.xml:211:22-71